<?xml version="1.0" encoding="UTF-8"?>
<testsuite name="is.ru.tictactoe.PlayerTest" tests="1" skipped="0" failures="0" errors="0" timestamp="2015-10-29T18:53:02" hostname="KÃ¡ri" time="0.003">
  <properties/>
  <testcase name="testIncrementWinCount" classname="is.ru.tictactoe.PlayerTest" time="0.003"/>
  <system-out><![CDATA[]]></system-out>
  <system-err><![CDATA[]]></system-err>
</testsuite>
